<?xml version="1.0" encoding="UTF-8"?>
<testng-results skipped="0" failed="0" ignored="0" total="1" passed="1">
  <reporter-output>
  </reporter-output>
  <suite name="Default suite" duration-ms="14581" started-at="2020-12-15T05:32:52Z" finished-at="2020-12-15T05:33:07Z">
    <groups>
    </groups>
    <test name="Default test" duration-ms="14581" started-at="2020-12-15T05:32:52Z" finished-at="2020-12-15T05:33:07Z">
      <class name="com.OrangeHRM.LoginPage">
        <test-method status="PASS" signature="LoginwithValidCredentials()[pri:0, instance:com.OrangeHRM.LoginPage@224edc67]" name="LoginwithValidCredentials" duration-ms="14560" started-at="2020-12-15T11:02:52Z" finished-at="2020-12-15T11:03:07Z">
          <reporter-output>
          </reporter-output>
        </test-method> <!-- LoginwithValidCredentials -->
      </class> <!-- com.OrangeHRM.LoginPage -->
    </test> <!-- Default test -->
  </suite> <!-- Default suite -->
</testng-results>
